2017-05-03 11:42:54,612 [WARN] from application in ForkJoinPool-1-worker-1 - application.conf @ file:/home/pavel/workspace/IdeaProjects/word/target/scala-2.11/classes/application.conf: 356: user is deprecated, use username instead
2017-05-03 11:42:54,621 [INFO] from application in ForkJoinPool-1-worker-1 - Creating Pool for datasource 'default'
2017-05-03 11:42:54,729 [INFO] from play.api.db.HikariCPConnectionPool in ForkJoinPool-1-worker-1 - datasource [default] bound to JNDI as DefaultDS
2017-05-03 11:42:54,753 [INFO] from play.api.db.DefaultDBApi in ForkJoinPool-1-worker-1 - Database [default] connected at jdbc:postgresql:worddb
2017-05-03 11:42:56,205 [INFO] from play.api.Play in ForkJoinPool-1-worker-1 - Application started (Dev)
2017-05-03 11:51:26,467 [ERROR] from application in netty-event-loop-1 - 

! @73pg7n6cl - Internal server error, for (GET) [/] ->
 
play.sbt.PlayExceptions$CompilationException: Compilation error[no suitable method found for add(java.lang.String)
    method java.util.Collection.add(com.fasterxml.jackson.databind.JsonNode) is not applicable
      (argument mismatch; java.lang.String cannot be converted to com.fasterxml.jackson.databind.JsonNode)
    method java.util.List.add(com.fasterxml.jackson.databind.JsonNode) is not applicable
      (argument mismatch; java.lang.String cannot be converted to com.fasterxml.jackson.databind.JsonNode)]
	at play.sbt.PlayExceptions$CompilationException$.apply(PlayExceptions.scala:27)
	at play.sbt.PlayExceptions$CompilationException$.apply(PlayExceptions.scala:27)
	at scala.Option.map(Option.scala:145)
	at play.sbt.run.PlayReload$$anonfun$taskFailureHandler$1.apply(PlayReload.scala:49)
	at play.sbt.run.PlayReload$$anonfun$taskFailureHandler$1.apply(PlayReload.scala:44)
	at scala.Option.map(Option.scala:145)
	at play.sbt.run.PlayReload$.taskFailureHandler(PlayReload.scala:44)
	at play.sbt.run.PlayReload$.compileFailure(PlayReload.scala:40)
	at play.sbt.run.PlayReload$$anonfun$compile$1.apply(PlayReload.scala:17)
	at play.sbt.run.PlayReload$$anonfun$compile$1.apply(PlayReload.scala:17)
	at scala.util.Either$LeftProjection.map(Either.scala:377)
	at play.sbt.run.PlayReload$.compile(PlayReload.scala:17)
	at play.sbt.run.PlayRun$$anonfun$playRunTask$1$$anonfun$apply$2$$anonfun$apply$3$$anonfun$2.apply(PlayRun.scala:61)
	at play.sbt.run.PlayRun$$anonfun$playRunTask$1$$anonfun$apply$2$$anonfun$apply$3$$anonfun$2.apply(PlayRun.scala:61)
	at play.runsupport.Reloader$$anonfun$reload$1.apply(Reloader.scala:339)
	at play.runsupport.Reloader$$anon$3.run(Reloader.scala:44)
	at java.security.AccessController.doPrivileged(Native Method)
	at play.runsupport.Reloader$.play$runsupport$Reloader$$withReloaderContextClassLoader(Reloader.scala:40)
	at play.runsupport.Reloader.reload(Reloader.scala:337)
	at play.core.server.DevServerStart$$anonfun$mainDev$1$$anon$1$$anonfun$get$1.apply(DevServerStart.scala:123)
	at play.core.server.DevServerStart$$anonfun$mainDev$1$$anon$1$$anonfun$get$1.apply(DevServerStart.scala:121)
	at scala.concurrent.impl.Future$PromiseCompletingRunnable.liftedTree1$1(Future.scala:24)
	at scala.concurrent.impl.Future$PromiseCompletingRunnable.run(Future.scala:24)
	at akka.dispatch.TaskInvocation.run(AbstractDispatcher.scala:39)
	at akka.dispatch.ForkJoinExecutorConfigurator$AkkaForkJoinTask.exec(AbstractDispatcher.scala:415)
	at scala.concurrent.forkjoin.ForkJoinTask.doExec(ForkJoinTask.java:260)
	at scala.concurrent.forkjoin.ForkJoinPool$WorkQueue.runTask(ForkJoinPool.java:1339)
	at scala.concurrent.forkjoin.ForkJoinPool.runWorker(ForkJoinPool.java:1979)
	at scala.concurrent.forkjoin.ForkJoinWorkerThread.run(ForkJoinWorkerThread.java:107)
2017-05-03 11:51:45,421 [INFO] from application in application-akka.actor.default-dispatcher-7 - Shutting down connection pool.
2017-05-03 11:51:45,522 [WARN] from application in application-akka.actor.default-dispatcher-7 - application.conf @ file:/home/pavel/workspace/IdeaProjects/word/target/scala-2.11/classes/application.conf: 356: user is deprecated, use username instead
2017-05-03 11:51:45,522 [INFO] from application in application-akka.actor.default-dispatcher-7 - Creating Pool for datasource 'default'
2017-05-03 11:51:45,539 [INFO] from play.api.db.HikariCPConnectionPool in application-akka.actor.default-dispatcher-7 - datasource [default] bound to JNDI as DefaultDS
2017-05-03 11:51:45,552 [INFO] from play.api.db.DefaultDBApi in application-akka.actor.default-dispatcher-7 - Database [default] connected at jdbc:postgresql:worddb
2017-05-03 11:51:45,723 [INFO] from play.api.Play in application-akka.actor.default-dispatcher-7 - Application started (Dev)
2017-05-03 11:52:42,373 [INFO] from application in application-akka.actor.default-dispatcher-4 - Shutting down connection pool.
2017-05-03 11:52:42,480 [WARN] from application in application-akka.actor.default-dispatcher-4 - application.conf @ file:/home/pavel/workspace/IdeaProjects/word/target/scala-2.11/classes/application.conf: 356: user is deprecated, use username instead
2017-05-03 11:52:42,480 [INFO] from application in application-akka.actor.default-dispatcher-4 - Creating Pool for datasource 'default'
2017-05-03 11:52:42,483 [INFO] from play.api.db.HikariCPConnectionPool in application-akka.actor.default-dispatcher-4 - datasource [default] bound to JNDI as DefaultDS
2017-05-03 11:52:42,485 [INFO] from play.api.db.DefaultDBApi in application-akka.actor.default-dispatcher-4 - Database [default] connected at jdbc:postgresql:worddb
2017-05-03 11:52:42,615 [INFO] from play.api.Play in application-akka.actor.default-dispatcher-4 - Application started (Dev)
2017-05-03 11:57:53,308 [INFO] from application in application-akka.actor.default-dispatcher-5 - Shutting down connection pool.
2017-05-03 11:57:53,426 [WARN] from application in application-akka.actor.default-dispatcher-5 - application.conf @ file:/home/pavel/workspace/IdeaProjects/word/target/scala-2.11/classes/application.conf: 356: user is deprecated, use username instead
2017-05-03 11:57:53,426 [INFO] from application in application-akka.actor.default-dispatcher-5 - Creating Pool for datasource 'default'
2017-05-03 11:57:53,445 [INFO] from play.api.db.HikariCPConnectionPool in application-akka.actor.default-dispatcher-5 - datasource [default] bound to JNDI as DefaultDS
2017-05-03 11:57:53,448 [INFO] from play.api.db.DefaultDBApi in application-akka.actor.default-dispatcher-5 - Database [default] connected at jdbc:postgresql:worddb
2017-05-03 11:57:53,688 [INFO] from play.api.Play in application-akka.actor.default-dispatcher-5 - Application started (Dev)
